0 info it worked if it ends with ok
1 verbose cli [ '/usr/local/bin/node',
1 verbose cli   '/usr/local/bin/npm',
1 verbose cli   'install',
1 verbose cli   'loadash',
1 verbose cli   '-save' ]
2 info using npm@3.10.6
3 info using node@v4.4.5
4 silly loadCurrentTree Starting
5 silly install loadCurrentTree
6 silly install readLocalPackageData
7 silly fetchPackageMetaData loadash@^4.16.4
8 silly fetchNamedPackageData loadash
9 silly mapToRegistry name loadash
10 silly mapToRegistry using default registry
11 silly mapToRegistry registry https://registry.npmjs.org/
12 silly mapToRegistry data Result {
12 silly mapToRegistry   raw: 'loadash',
12 silly mapToRegistry   scope: null,
12 silly mapToRegistry   escapedName: 'loadash',
12 silly mapToRegistry   name: 'loadash',
12 silly mapToRegistry   rawSpec: '',
12 silly mapToRegistry   spec: 'latest',
12 silly mapToRegistry   type: 'tag' }
13 silly mapToRegistry uri https://registry.npmjs.org/loadash
14 verbose request uri https://registry.npmjs.org/loadash
15 verbose request no auth needed
16 info attempt registry request try #1 at 9:33:54 AM
17 verbose request using bearer token for auth
18 verbose request id 447143aaac0b1694
19 verbose etag "1WO17FY69VY7RU5QTUOGY5B3G"
20 http request GET https://registry.npmjs.org/loadash
21 http 304 https://registry.npmjs.org/loadash
22 verbose headers { 'cache-control': 'max-age=300',
22 verbose headers   'accept-ranges': 'bytes',
22 verbose headers   date: 'Tue, 11 Oct 2016 15:33:55 GMT',
22 verbose headers   via: '1.1 varnish',
22 verbose headers   connection: 'keep-alive',
22 verbose headers   'x-served-by': 'cache-den6027-DEN',
22 verbose headers   'x-cache': 'MISS',
22 verbose headers   'x-cache-hits': '0',
22 verbose headers   'x-timer': 'S1476200034.747932,VS0,VE262',
22 verbose headers   vary: 'Accept-Encoding' }
23 silly get cb [ 304,
23 silly get   { 'cache-control': 'max-age=300',
23 silly get     'accept-ranges': 'bytes',
23 silly get     date: 'Tue, 11 Oct 2016 15:33:55 GMT',
23 silly get     via: '1.1 varnish',
23 silly get     connection: 'keep-alive',
23 silly get     'x-served-by': 'cache-den6027-DEN',
23 silly get     'x-cache': 'MISS',
23 silly get     'x-cache-hits': '0',
23 silly get     'x-timer': 'S1476200034.747932,VS0,VE262',
23 silly get     vary: 'Accept-Encoding' } ]
24 verbose etag https://registry.npmjs.org/loadash from cache
25 verbose get saving loadash to /Users/anthonyrogers/.npm/registry.npmjs.org/loadash/.cache.json
26 verbose correctMkdir /Users/anthonyrogers/.npm correctMkdir not in flight; initializing
27 silly fetchNamedPackageData No valid target from cache, forcing network
28 verbose request uri https://registry.npmjs.org/loadash
29 verbose request no auth needed
30 info attempt registry request try #1 at 9:33:55 AM
31 verbose request using bearer token for auth
32 http request GET https://registry.npmjs.org/loadash
33 http 200 https://registry.npmjs.org/loadash
34 verbose headers { server: 'CouchDB/1.5.0 (Erlang OTP/R16B03)',
34 verbose headers   etag: '"1WO17FY69VY7RU5QTUOGY5B3G"',
34 verbose headers   'content-type': 'application/json',
34 verbose headers   'content-encoding': 'gzip',
34 verbose headers   'cache-control': 'max-age=300',
34 verbose headers   'transfer-encoding': 'chunked',
34 verbose headers   'accept-ranges': 'bytes',
34 verbose headers   date: 'Tue, 11 Oct 2016 15:33:55 GMT',
34 verbose headers   via: '1.1 varnish',
34 verbose headers   connection: 'keep-alive',
34 verbose headers   'x-served-by': 'cache-den6027-DEN',
34 verbose headers   'x-cache': 'MISS',
34 verbose headers   'x-cache-hits': '0',
34 verbose headers   'x-timer': 'S1476200035.087943,VS0,VE72',
34 verbose headers   vary: 'Accept-Encoding' }
35 silly get cb [ 200,
35 silly get   { server: 'CouchDB/1.5.0 (Erlang OTP/R16B03)',
35 silly get     etag: '"1WO17FY69VY7RU5QTUOGY5B3G"',
35 silly get     'content-type': 'application/json',
35 silly get     'content-encoding': 'gzip',
35 silly get     'cache-control': 'max-age=300',
35 silly get     'transfer-encoding': 'chunked',
35 silly get     'accept-ranges': 'bytes',
35 silly get     date: 'Tue, 11 Oct 2016 15:33:55 GMT',
35 silly get     via: '1.1 varnish',
35 silly get     connection: 'keep-alive',
35 silly get     'x-served-by': 'cache-den6027-DEN',
35 silly get     'x-cache': 'MISS',
35 silly get     'x-cache-hits': '0',
35 silly get     'x-timer': 'S1476200035.087943,VS0,VE72',
35 silly get     vary: 'Accept-Encoding' } ]
36 verbose get saving loadash to /Users/anthonyrogers/.npm/registry.npmjs.org/loadash/.cache.json
37 verbose correctMkdir /Users/anthonyrogers/.npm correctMkdir not in flight; initializing
38 silly fetchPackageMetaData Error: No compatible version found: loadash@^4.16.4
38 silly fetchPackageMetaData Valid install targets:
38 silly fetchPackageMetaData 0.0.1
38 silly fetchPackageMetaData
38 silly fetchPackageMetaData     at pickVersionFromRegistryDocument (/usr/local/lib/node_modules/npm/lib/fetch-package-metadata.js:178:16)
38 silly fetchPackageMetaData     at /usr/local/lib/node_modules/npm/node_modules/iferr/index.js:13:50
38 silly fetchPackageMetaData     at /usr/local/lib/node_modules/npm/lib/utils/pulse-till-done.js:20:8
38 silly fetchPackageMetaData     at saved (/usr/local/lib/node_modules/npm/lib/cache/caching-client.js:174:7)
38 silly fetchPackageMetaData     at /usr/local/lib/node_modules/npm/node_modules/graceful-fs/polyfills.js:210:7
38 silly fetchPackageMetaData     at FSReqWrap.oncomplete (fs.js:82:15)
38 silly fetchPackageMetaData  error for loadash@^4.16.4 [Error: No compatible version found: loadash@^4.16.4
38 silly fetchPackageMetaData Valid install targets:
38 silly fetchPackageMetaData 0.0.1
38 silly fetchPackageMetaData ]
39 silly rollbackFailedOptional Starting
40 silly rollbackFailedOptional Finishing
41 silly runTopLevelLifecycles Starting
42 silly runTopLevelLifecycles Finishing
43 silly install printInstalled
44 verbose stack Error: No compatible version found: loadash@^4.16.4
44 verbose stack Valid install targets:
44 verbose stack 0.0.1
44 verbose stack
44 verbose stack     at pickVersionFromRegistryDocument (/usr/local/lib/node_modules/npm/lib/fetch-package-metadata.js:178:16)
44 verbose stack     at /usr/local/lib/node_modules/npm/node_modules/iferr/index.js:13:50
44 verbose stack     at /usr/local/lib/node_modules/npm/lib/utils/pulse-till-done.js:20:8
44 verbose stack     at saved (/usr/local/lib/node_modules/npm/lib/cache/caching-client.js:174:7)
44 verbose stack     at /usr/local/lib/node_modules/npm/node_modules/graceful-fs/polyfills.js:210:7
44 verbose stack     at FSReqWrap.oncomplete (fs.js:82:15)
45 verbose cwd /Users/anthonyrogers/Desktop/Matc Coding/matc-notes/backEndDemo/Day1
46 error Darwin 15.6.0
47 error argv "/usr/local/bin/node" "/usr/local/bin/npm" "install" "loadash" "-save"
48 error node v4.4.5
49 error npm  v3.10.6
50 error No compatible version found: loadash@^4.16.4
50 error Valid install targets:
50 error 0.0.1
51 error If you need help, you may report this error at:
51 error     <https://github.com/npm/npm/issues>
52 verbose exit [ 1, true ]
